<?xml version="1.0" encoding="UTF-8"?>
<!-- Generated by org.testng.reporters.JUnitXMLReporter -->
<testsuite hostname="ucreate-26-PC" ignored="6" name="Default test" tests="1" failures="0" timestamp="12 Jul 2019 06:48:59 GMT" time="61.023" errors="0">
  <testcase name="add_post_without_attachment" time="58.299" classname="clientshare.Post_Feed"/>
  <testcase name="select_category" time="0.0" classname="clientshare.Post_Feed">
    <ignored/>
  </testcase> <!-- select_category -->
  <testcase name="Check_post_option_is_availble" time="0.0" classname="clientshare.Post_Feed">
    <ignored/>
  </testcase> <!-- Check_post_option_is_availble -->
  <testcase name="Click_on_post_option" time="0.0" classname="clientshare.Post_Feed">
    <ignored/>
  </testcase> <!-- Click_on_post_option -->
  <testcase name="Validation_check" time="0.0" classname="clientshare.Post_Feed">
    <ignored/>
  </testcase> <!-- Validation_check -->
  <testcase name="select_group" time="0.0" classname="clientshare.Post_Feed">
    <ignored/>
  </testcase> <!-- select_group -->
  <testcase name="Getresult" time="0.0" classname="clientshare.Post_Feed">
    <ignored/>
  </testcase> <!-- Getresult -->
</testsuite> <!-- Default test -->
