<?xml version="1.0" encoding="UTF-8"?>
<testng-results skipped="0" failed="0" ignored="8" total="9" passed="1">
  <reporter-output>
  </reporter-output>
  <suite name="Default suite" duration-ms="52049" started-at="2019-08-19T12:16:44Z" finished-at="2019-08-19T12:17:36Z">
    <groups>
    </groups>
    <test name="Default test" duration-ms="52049" started-at="2019-08-19T12:16:44Z" finished-at="2019-08-19T12:17:36Z">
      <class name="clientshare.Post_Feed">
        <test-method status="PASS" signature="set()[pri:0, instance:clientshare.Post_Feed@3532ec19]" name="set" is-config="true" duration-ms="18053" started-at="2019-08-19T12:16:26Z" finished-at="2019-08-19T12:16:44Z">
          <reporter-output>
          </reporter-output>
        </test-method> <!-- set -->
        <test-method status="PASS" signature="add_comment()[pri:8, instance:clientshare.Post_Feed@3532ec19]" name="add_comment" duration-ms="50051" started-at="2019-08-19T12:16:44Z" description="add the comment" finished-at="2019-08-19T12:17:34Z">
          <reporter-output>
          </reporter-output>
        </test-method> <!-- add_comment -->
        <test-method status="PASS" signature="Getresult(org.testng.ITestResult)[pri:0, instance:clientshare.Post_Feed@3532ec19]" name="Getresult" is-config="true" duration-ms="2" started-at="2019-08-19T12:17:34Z" finished-at="2019-08-19T12:17:34Z">
          <params>
            <param index="0">
              <value>
                <![CDATA[[TestResult name=add_comment status=SUCCESS method=Post_Feed.add_comment()[pri:8, instance:clientshare.Post_Feed@3532ec19] output={null}]]]>
              </value>
            </param>
          </params>
          <reporter-output>
          </reporter-output>
        </test-method> <!-- Getresult -->
        <test-method status="PASS" signature="teardown()[pri:0, instance:clientshare.Post_Feed@3532ec19]" name="teardown" is-config="true" duration-ms="1955" started-at="2019-08-19T12:17:34Z" finished-at="2019-08-19T12:17:36Z">
          <reporter-output>
          </reporter-output>
        </test-method> <!-- teardown -->
      </class> <!-- clientshare.Post_Feed -->
    </test> <!-- Default test -->
  </suite> <!-- Default suite -->
</testng-results>
